[    0.000000] Initializing cgroup subsys cpuset
[    0.000000] Initializing cgroup subsys cpu
[    0.000000] Initializing cgroup subsys cpuacct
[    0.000000] Linux version 4.4.0-210-generic (buildd@lgw01-amd64-009) (gcc version 5.4.0 20160609 (Ubuntu 5.4.0-6ubuntu1~16.04.12) ) #242-Ubuntu SMP Fri Apr 16 09:57:56 UTC 2021 (Ubuntu 4.4.0-210.242-generic 4.4.262)
[    0.000000] Command line: BOOT_IMAGE=/boot/vmlinuz-4.4.0-210-generic root=LABEL=cloudimg-rootfs ro console=tty1 console=ttyS0
[    0.000000] KERNEL supported cpus:
[    0.000000]   Intel GenuineIntel
[    0.000000]   AMD AuthenticAMD
[    0.000000]   Centaur CentaurHauls
[    0.000000] x86/fpu: xstate_offset[2]:  576, xstate_sizes[2]:  256
[    0.000000] x86/fpu: Supporting XSAVE feature 0x01: 'x87 floating point registers'
[    0.000000] x86/fpu: Supporting XSAVE feature 0x02: 'SSE registers'
[    0.000000] x86/fpu: Supporting XSAVE feature 0x04: 'AVX registers'
[    0.000000] x86/fpu: Enabled xstate features 0x7, context size is 832 bytes, using 'standard' format.
[    0.000000] e820: BIOS-provided physical RAM map:
[    0.000000] BIOS-e820: [mem 0x0000000000000000-0x000000000009fbff] usable
[    0.000000] BIOS-e820: [mem 0x000000000009fc00-0x000000000009ffff] reserved
[    0.000000] BIOS-e820: [mem 0x00000000000f0000-0x00000000000fffff] reserved
[    0.000000] BIOS-e820: [mem 0x0000000000100000-0x000000003ffeffff] usable
[    0.000000] BIOS-e820: [mem 0x000000003fff0000-0x000000003fffffff] ACPI data
[    0.000000] BIOS-e820: [mem 0x00000000fec00000-0x00000000fec00fff] reserved
[    0.000000] BIOS-e820: [mem 0x00000000fee00000-0x00000000fee00fff] reserved
[    0.000000] BIOS-e820: [mem 0x00000000fffc0000-0x00000000ffffffff] reserved
[    0.000000] NX (Execute Disable) protection: active
[    0.000000] SMBIOS 2.5 present.
[    0.000000] Hypervisor detected: KVM
[    0.000000] Kernel/User page tables isolation: disabled
[    0.000000] e820: last_pfn = 0x3fff0 max_arch_pfn = 0x400000000
[    0.000000] MTRR: Disabled
[    0.000000] x86/PAT: MTRRs disabled, skipping PAT initialization too.
[    0.000000] CPU MTRRs all blank - virtualized system.
[    0.000000] x86/PAT: Configuration [0-7]: WB  WT  UC- UC  WB  WT  UC- UC  
[    0.000000] found SMP MP-table at [mem 0x0009fff0-0x0009ffff] mapped at [ffff88000009fff0]
[    0.000000] Scanning 1 areas for low memory corruption
[    0.000000] RAMDISK: [mem 0x362dc000-0x37165fff]
[    0.000000] ACPI: Early table checksum verification disabled
[    0.000000] ACPI: RSDP 0x00000000000E0000 000024 (v02 VBOX  )
[    0.000000] ACPI: XSDT 0x000000003FFF0030 00003C (v01 VBOX   VBOXXSDT 00000001 ASL  00000061)
[    0.000000] ACPI: FACP 0x000000003FFF00F0 0000F4 (v04 VBOX   VBOXFACP 00000001 ASL  00000061)
[    0.000000] ACPI: DSDT 0x000000003FFF0610 002353 (v02 VBOX   VBOXBIOS 00000002 INTL 20100528)
[    0.000000] ACPI: FACS 0x000000003FFF0200 000040
[    0.000000] ACPI: FACS 0x000000003FFF0200 000040
[    0.000000] ACPI: APIC 0x000000003FFF0240 00005C (v02 VBOX   VBOXAPIC 00000001 ASL  00000061)
[    0.000000] ACPI: SSDT 0x000000003FFF02A0 00036C (v01 VBOX   VBOXCPUT 00000002 INTL 20100528)
[    0.000000] No NUMA configuration found
[    0.000000] Faking a node at [mem 0x0000000000000000-0x000000003ffeffff]
[    0.000000] NODE_DATA(0) allocated [mem 0x3ffeb000-0x3ffeffff]
[    0.000000] kvm-clock: Using msrs 4b564d01 and 4b564d00
[    0.000000] kvm-clock: cpu 0, msr 0:3ffe3001, primary cpu clock
[    0.000000] kvm-clock: using sched offset of 3005490624 cycles
[    0.000000] clocksource: kvm-clock: mask: 0xffffffffffffffff max_cycles: 0x1cd42e4dffb, max_idle_ns: 881590591483 ns
[    0.000000] Zone ranges:
[    0.000000]   DMA      [mem 0x0000000000001000-0x0000000000ffffff]
[    0.000000]   DMA32    [mem 0x0000000001000000-0x000000003ffeffff]
[    0.000000]   Normal   empty
[    0.000000]   Device   empty
[    0.000000] Movable zone start for each node
[    0.000000] Early memory node ranges
[    0.000000]   node   0: [mem 0x0000000000001000-0x000000000009efff]
[    0.000000]   node   0: [mem 0x0000000000100000-0x000000003ffeffff]
[    0.000000] Initmem setup node 0 [mem 0x0000000000001000-0x000000003ffeffff]
[    0.000000] ACPI: PM-Timer IO Port: 0x4008
[    0.000000] IOAPIC[0]: apic_id 2, version 32, address 0xfec00000, GSI 0-23
[    0.000000] ACPI: INT_SRC_OVR (bus 0 bus_irq 0 global_irq 2 dfl dfl)
[    0.000000] ACPI: INT_SRC_OVR (bus 0 bus_irq 9 global_irq 9 low level)
[    0.000000] Using ACPI (MADT) for SMP configuration information
[    0.000000] smpboot: Allowing 2 CPUs, 0 hotplug CPUs
[    0.000000] PM: Registered nosave memory: [mem 0x00000000-0x00000fff]
[    0.000000] PM: Registered nosave memory: [mem 0x0009f000-0x0009ffff]
[    0.000000] PM: Registered nosave memory: [mem 0x000a0000-0x000effff]
[    0.000000] PM: Registered nosave memory: [mem 0x000f0000-0x000fffff]
[    0.000000] e820: [mem 0x40000000-0xfebfffff] available for PCI devices
[    0.000000] Booting paravirtualized kernel on KVM
[    0.000000] clocksource: refined-jiffies: mask: 0xffffffff max_cycles: 0xffffffff, max_idle_ns: 7645519600211568 ns
[    0.000000] setup_percpu: NR_CPUS:512 nr_cpumask_bits:512 nr_cpu_ids:2 nr_node_ids:1
[    0.000000] PERCPU: Embedded 33 pages/cpu @ffff88003fc00000 s95192 r8192 d31784 u1048576
[    0.000000] Built 1 zonelists in Node order, mobility grouping on.  Total pages: 257912
[    0.000000] Policy zone: DMA32
[    0.000000] Kernel command line: BOOT_IMAGE=/boot/vmlinuz-4.4.0-210-generic root=LABEL=cloudimg-rootfs ro console=tty1 console=ttyS0
[    0.000000] PID hash table entries: 4096 (order: 3, 32768 bytes)
[    0.000000] Memory: 997792K/1048120K available (8644K kernel code, 1332K rwdata, 4044K rodata, 1492K init, 1164K bss, 50328K reserved, 0K cma-reserved)
[    0.000000] SLUB: HWalign=64, Order=0-3, MinObjects=0, CPUs=2, Nodes=1
[    0.000000] Hierarchical RCU implementation.
[    0.000000] 	Build-time adjustment of leaf fanout to 64.
[    0.000000] 	RCU restricting CPUs from NR_CPUS=512 to nr_cpu_ids=2.
[    0.000000] RCU: Adjusting geometry for rcu_fanout_leaf=64, nr_cpu_ids=2
[    0.000000] NR_IRQS:33024 nr_irqs:440 16
[    0.000000] Console: colour VGA+ 80x25
[    0.000000] console [tty1] enabled
[    0.000000] console [ttyS0] enabled
[    0.000000] tsc: Detected 2419.200 MHz processor
[    0.097930] Calibrating delay loop (skipped) preset value.. 4838.40 BogoMIPS (lpj=9676800)
[    0.099075] pid_max: default: 32768 minimum: 301
[    0.099711] ACPI: Core revision 20150930
[    0.100914] ACPI: 2 ACPI AML tables successfully acquired and loaded
[    0.101829] Security Framework initialized
[    0.102383] Yama: becoming mindful.
[    0.102951] AppArmor: AppArmor initialized
[    0.103592] Dentry cache hash table entries: 131072 (order: 8, 1048576 bytes)
[    0.104607] Inode-cache hash table entries: 65536 (order: 7, 524288 bytes)
[    0.108391] Mount-cache hash table entries: 2048 (order: 2, 16384 bytes)
[    0.109266] Mountpoint-cache hash table entries: 2048 (order: 2, 16384 bytes)
[    0.110344] Initializing cgroup subsys io
[    0.110952] Initializing cgroup subsys memory
[    0.111610] Initializing cgroup subsys devices
[    0.112265] Initializing cgroup subsys freezer
[    0.112923] Initializing cgroup subsys net_cls
[    0.113590] Initializing cgroup subsys perf_event
[    0.114272] Initializing cgroup subsys net_prio
[    0.114959] Initializing cgroup subsys hugetlb
[    0.115588] Initializing cgroup subsys pids
[    0.120550] mce: CPU supports 0 MCE banks
[    0.121145] Last level iTLB entries: 4KB 0, 2MB 0, 4MB 0
[    0.121871] Last level dTLB entries: 4KB 0, 2MB 0, 4MB 0, 1GB 0
[    0.122591] Spectre V1 : Mitigation: usercopy/swapgs barriers and __user pointer sanitization
[    0.123708] Spectre V2 : Mitigation: Full generic retpoline
[    0.124411] Spectre V2 : Spectre v2 / SpectreRSB mitigation: Filling RSB on context switch
[    0.125490] Speculative Store Bypass: Vulnerable
[    0.127973] Freeing SMP alternatives memory: 36K
[    0.132916] ftrace: allocating 32380 entries in 127 pages
[    0.181260] smpboot: APIC(0) Converting physical 0 to logical package 0
[    0.182487] smpboot: Max logical packages: 1
[    0.183386] x2apic enabled
[    0.184155] Switched APIC routing to physical x2apic.
[    0.186127] ..TIMER: vector=0x30 apic1=0 pin1=2 apic2=-1 pin2=-1
[    0.295264] smpboot: CPU0: 11th Gen Intel(R) Core(TM) i5-1135G7 @ 2.40GHz (family: 0x6, model: 0x8c, stepping: 0x1)
[    0.297107] Performance Events: unsupported p6 CPU model 140 no PMU driver, software events only.
[    0.305652] KVM setup paravirtual spinlock
[    0.306934] x86: Booting SMP configuration:
[    0.307592] .... node  #0, CPUs:      #1
[    0.308260] kvm-clock: cpu 1, msr 0:3ffe3041, secondary cpu clock
[    0.313602] mce: CPU supports 0 MCE banks
[    0.315979] x86: Booted up 1 node, 2 CPUs
[    0.316735] smpboot: Total of 2 processors activated (9676.80 BogoMIPS)
[    0.318066] devtmpfs: initialized
[    0.319425] evm: security.selinux
[    0.319899] evm: security.SMACK64
[    0.320370] evm: security.SMACK64EXEC
[    0.320890] evm: security.SMACK64TRANSMUTE
[    0.321459] evm: security.SMACK64MMAP
[    0.321966] evm: security.ima
[    0.322413] evm: security.capability
[    0.323099] clocksource: jiffies: mask: 0xffffffff max_cycles: 0xffffffff, max_idle_ns: 7645041785100000 ns
[    0.324382] futex hash table entries: 512 (order: 3, 32768 bytes)
[    0.325273] pinctrl core: initialized pinctrl subsystem
[    0.326299] RTC time: 11:00:57, date: 05/06/24
[    0.329744] NET: Registered protocol family 16
[    0.343881] cpuidle: using governor ladder
[    0.356537] cpuidle: using governor menu
[    0.357261] PCCT header not found.
[    0.358042] ACPI: bus type PCI registered
[    0.358691] acpiphp: ACPI Hot Plug PCI Controller Driver version: 0.5
[    0.359742] PCI: Using configuration type 1 for base access
[    0.373017] ACPI: Added _OSI(Module Device)
[    0.373642] ACPI: Added _OSI(Processor Device)
[    0.374302] ACPI: Added _OSI(3.0 _SCP Extensions)
[    0.375075] ACPI: Added _OSI(Processor Aggregator Device)
[    0.376397] ACPI: Executed 1 blocks of module-level executable AML code
[    0.379018] ACPI: Interpreter enabled
[    0.379597] ACPI: (supports S0 S5)
[    0.380154] ACPI: Using IOAPIC for interrupt routing
[    0.380961] PCI: Using host bridge windows from ACPI; if necessary, use "pci=nocrs" and report a bug
[    0.385024] ACPI: PCI Root Bridge [PCI0] (domain 0000 [bus 00-ff])
[    0.385864] acpi PNP0A03:00: _OSC: OS supports [ASPM ClockPM Segments MSI]
[    0.387011] acpi PNP0A03:00: _OSC: not requesting OS control; OS requires [ExtendedConfig ASPM ClockPM MSI]
[    0.388362] acpi PNP0A03:00: fail to add MMCONFIG information, can't access extended PCI configuration space under this bridge.
[    0.390137] PCI host bridge to bus 0000:00
[    0.390775] pci_bus 0000:00: root bus resource [io  0x0000-0x0cf7 window]
[    0.391709] pci_bus 0000:00: root bus resource [io  0x0d00-0xffff window]
[    0.392738] pci_bus 0000:00: root bus resource [mem 0x000a0000-0x000bffff window]
[    0.393786] pci_bus 0000:00: root bus resource [mem 0x40000000-0xfdffffff window]
[    0.394806] pci_bus 0000:00: root bus resource [bus 00-ff]
[    0.396700] pci 0000:00:01.1: legacy IDE quirk: reg 0x10: [io  0x01f0-0x01f7]
[    0.397539] pci 0000:00:01.1: legacy IDE quirk: reg 0x14: [io  0x03f6]
[    0.398346] pci 0000:00:01.1: legacy IDE quirk: reg 0x18: [io  0x0170-0x0177]
[    0.399212] pci 0000:00:01.1: legacy IDE quirk: reg 0x1c: [io  0x0376]
[    0.409770] pci 0000:00:07.0: quirk: [io  0x4000-0x403f] claimed by PIIX4 ACPI
[    0.417070] pci 0000:00:07.0: quirk: [io  0x4100-0x410f] claimed by PIIX4 SMB
[    0.421544] ACPI: PCI Interrupt Link [LNKA] (IRQs 5 9 10 *11)
[    0.422722] ACPI: PCI Interrupt Link [LNKB] (IRQs 5 9 *10 11)
[    0.423729] ACPI: PCI Interrupt Link [LNKC] (IRQs 5 *9 10 11)
[    0.424751] ACPI: PCI Interrupt Link [LNKD] (IRQs 5 9 10 *11)
[    0.425804] ACPI: Enabled 2 GPEs in block 00 to 07
[    0.426776] vgaarb: setting as boot device: PCI:0000:00:02.0
[    0.427489] vgaarb: device added: PCI:0000:00:02.0,decodes=io+mem,owns=io+mem,locks=none
[    0.428617] vgaarb: loaded
[    0.429043] vgaarb: bridge control possible 0000:00:02.0
[    0.429884] SCSI subsystem initialized
[    0.430701] ACPI: bus type USB registered
[    0.431303] usbcore: registered new interface driver usbfs
[    0.432031] usbcore: registered new interface driver hub
[    0.432759] usbcore: registered new device driver usb
[    0.433716] PCI: Using ACPI for IRQ routing
[    0.434532] NetLabel: Initializing
[    0.435024] NetLabel:  domain hash size = 128
[    0.435624] NetLabel:  protocols = UNLABELED CIPSOv4
[    0.436260] NetLabel:  unlabeled traffic allowed by default
[    0.437201] amd_nb: Cannot enumerate AMD northbridges
[    0.437989] clocksource: Switched to clocksource kvm-clock
[    0.447677] AppArmor: AppArmor Filesystem Enabled
[    0.448391] pnp: PnP ACPI init
[    0.449434] pnp: PnP ACPI: found 3 devices
[    0.459184] clocksource: acpi_pm: mask: 0xffffff max_cycles: 0xffffff, max_idle_ns: 2085701024 ns
[    0.460491] NET: Registered protocol family 2
[    0.461254] TCP established hash table entries: 8192 (order: 4, 65536 bytes)
[    0.462205] TCP bind hash table entries: 8192 (order: 5, 131072 bytes)
[    0.463094] TCP: Hash tables configured (established 8192 bind 8192)
[    0.463950] UDP hash table entries: 512 (order: 2, 16384 bytes)
[    0.464749] UDP-Lite hash table entries: 512 (order: 2, 16384 bytes)
[    0.465614] NET: Registered protocol family 1
[    0.466256] pci 0000:00:00.0: Limiting direct PCI/PCI transfers
[    0.467070] pci 0000:00:01.0: Activating ISA DMA hang workarounds
[    0.470589] Unpacking initramfs...
[    0.665880] Freeing initrd memory: 14888K
[    0.666806] clocksource: tsc: mask: 0xffffffffffffffff max_cycles: 0x22df1149949, max_idle_ns: 440795312789 ns
[    0.668413] platform rtc_cmos: registered platform RTC device (no PNP device found)
[    0.669663] Scanning for low memory corruption every 60 seconds
[    0.670935] audit: initializing netlink subsys (disabled)
[    0.671697] audit: type=2000 audit(1714993261.643:1): initialized
[    0.672714] Initialise system trusted keyring
[    0.673616] HugeTLB registered 2 MB page size, pre-allocated 0 pages
[    0.675306] zbud: loaded
[    0.676139] VFS: Disk quotas dquot_6.6.0
[    0.676714] VFS: Dquot-cache hash table entries: 512 (order 0, 4096 bytes)
[    0.677732] squashfs: version 4.0 (2009/01/31) Phillip Lougher
[    0.681326] fuse init (API version 7.23)
[    0.682171] Key type big_key registered
[    0.682791] Allocating IMA MOK and blacklist keyrings.
[    0.684428] Key type asymmetric registered
[    0.685170] Asymmetric key parser 'x509' registered
[    0.686025] Block layer SCSI generic (bsg) driver version 0.4 loaded (major 249)
[    0.687252] io scheduler noop registered
[    0.687836] io scheduler deadline registered (default)
[    0.688567] io scheduler cfq registered
[    0.689209] pci_hotplug: PCI Hot Plug PCI Core version: 0.5
[    0.689982] pciehp: PCI Express Hot Plug Controller Driver version: 0.4
[    0.690982] ACPI: AC Adapter [AC] (on-line)
[    0.691646] input: Power Button as /devices/LNXSYSTM:00/LNXPWRBN:00/input/input0
[    0.692729] ACPI: Power Button [PWRF]
[    0.693338] input: Sleep Button as /devices/LNXSYSTM:00/LNXSLPBN:00/input/input1
[    0.694443] ACPI: Sleep Button [SLPF]
[    0.695156] GHES: HEST is not enabled!
[    0.695638] ACPI: Battery Slot [BAT0] (battery present)
[    0.696572] Serial: 8250/16550 driver, 32 ports, IRQ sharing enabled
[    0.717790] 00:02: ttyS0 at I/O 0x3f8 (irq = 4, base_baud = 115200) is a 16550A
[    0.721754] Linux agpgart interface v0.103
[    0.723987] loop: module loaded
[    0.724930] scsi host0: ata_piix
[    0.725562] scsi host1: ata_piix
[    0.726095] ata1: PATA max UDMA/33 cmd 0x1f0 ctl 0x3f6 bmdma 0xd000 irq 14
[    0.727032] ata2: PATA max UDMA/33 cmd 0x170 ctl 0x376 bmdma 0xd008 irq 15
[    0.728184] libphy: Fixed MDIO Bus: probed
[    0.728810] tun: Universal TUN/TAP device driver, 1.6
[    0.729552] tun: (C) 1999-2004 Max Krasnyansky <maxk@qualcomm.com>
[    0.730457] PPP generic driver version 2.4.2
[    0.731177] ehci_hcd: USB 2.0 'Enhanced' Host Controller (EHCI) Driver
[    0.732044] ehci-pci: EHCI PCI platform driver
[    0.732702] ehci-platform: EHCI generic platform driver
[    0.733546] ohci_hcd: USB 1.1 'Open' Host Controller (OHCI) Driver
[    0.734375] ohci-pci: OHCI PCI platform driver
[    0.735026] ohci-platform: OHCI generic platform driver
[    0.735756] uhci_hcd: USB Universal Host Controller Interface driver
[    0.736621] i8042: PNP: PS/2 Controller [PNP0303:PS2K,PNP0f03:PS2M] at 0x60,0x64 irq 1,12
[    0.738038] serio: i8042 KBD port at 0x60,0x64 irq 1
[    0.738720] serio: i8042 AUX port at 0x60,0x64 irq 12
[    0.739612] mousedev: PS/2 mouse device common for all mice
[    0.740700] input: AT Translated Set 2 keyboard as /devices/platform/i8042/serio0/input/input2
[    0.742271] rtc_cmos rtc_cmos: rtc core: registered rtc_cmos as rtc0
[    0.743648] rtc_cmos rtc_cmos: alarms up to one day, 114 bytes nvram
[    0.744803] i2c /dev entries driver
[    0.745490] device-mapper: uevent: version 1.0.3
[    0.746279] device-mapper: ioctl: 4.34.0-ioctl (2015-10-28) initialised: dm-devel@redhat.com
[    0.747752] ledtrig-cpu: registered to indicate activity on CPUs
[    0.748987] NET: Registered protocol family 10
[    0.749786] NET: Registered protocol family 17
[    0.750457] Key type dns_resolver registered
[    0.751505] registered taskstats version 1
[    0.752115] Loading compiled-in X.509 certificates
[    0.753234] Loaded X.509 cert 'Build time autogenerated kernel key: cf00e047681d67edb2720680708b7d9498083038'
[    0.754577] zswap: loaded using pool lzo/zbud
[    0.756659] Key type trusted registered
[    0.759515] Key type encrypted registered
[    0.760091] AppArmor: AppArmor sha1 policy hashing enabled
[    0.760777] ima: No TPM chip found, activating TPM-bypass!
[    0.761466] ima: Allocated hash algorithm: sha1
[    0.762101] evm: HMAC attrs: 0x1
[    0.762889]   Magic number: 8:570:23
[    0.763558] rtc_cmos rtc_cmos: setting system clock to 2024-05-06 11:00:57 UTC (1714993257)
[    0.764990] BIOS EDD facility v0.16 2004-Jun-25, 0 devices found
[    0.765796] EDD information not available.
[    0.905773] Freeing unused kernel memory: 1492K
[    0.906548] Write protecting the kernel read-only data: 14336k
[    0.907932] Freeing unused kernel memory: 1584K
[    0.908939] Freeing unused kernel memory: 52K
Loading, please wait...
starting version 229
[    0.920302] random: systemd-udevd: uninitialized urandom read (16 bytes read, 3 bits of entropy available)
[    0.920641] random: udevadm: uninitialized urandom read (16 bytes read, 3 bits of entropy available)
[    0.920657] random: udevadm: uninitialized urandom read (16 bytes read, 3 bits of entropy available)
[    0.924277] random: systemd-udevd: uninitialized urandom read (16 bytes read, 3 bits of entropy available)
[    0.925593] random: systemd-udevd: uninitialized urandom read (16 bytes read, 3 bits of entropy available)
[    0.926151] random: udevadm: uninitialized urandom read (16 bytes read, 3 bits of entropy available)
[    0.926186] random: udevadm: uninitialized urandom read (16 bytes read, 3 bits of entropy available)
[    0.926280] random: udevadm: uninitialized urandom read (16 bytes read, 3 bits of entropy available)
[    0.926314] random: udevadm: uninitialized urandom read (16 bytes read, 3 bits of entropy available)
[    0.926349] random: udevadm: uninitialized urandom read (16 bytes read, 3 bits of entropy available)
[    0.953827] e1000: Intel(R) PRO/1000 Network Driver - version 7.3.21-k8-NAPI
[    0.954812] e1000: Copyright (c) 1999-2006 Intel Corporation.
[    0.955699] Fusion MPT base driver 3.04.20
[    0.956328] Copyright (c) 1999-2008 LSI Corporation
[    0.959645] Fusion MPT SPI Host driver 3.04.20
[    0.974812] AVX2 version of gcm_enc/dec engaged.
[    0.975513] AES CTR mode by8 optimization enabled
[    1.164065] input: ImExPS/2 Generic Explorer Mouse as /devices/platform/i8042/serio1/input/input4
[    1.286006] e1000 0000:00:03.0 eth0: (PCI:33MHz:32-bit) 02:be:82:6b:cc:1d
[    1.286960] e1000 0000:00:03.0 eth0: Intel(R) PRO/1000 Network Connection
[    1.288547] mptbase: ioc0: Initiating bringup
[    1.288881] e1000 0000:00:03.0 enp0s3: renamed from eth0
[    1.838670] ioc0: LSI53C1030 A0: Capabilities={Initiator}
[    4.251020] scsi host2: ioc0: LSI53C1030 A0, FwRev=00000000h, Ports=1, MaxQ=256, IRQ=20
[    6.051309] scsi 2:0:0:0: Direct-Access     VBOX     HARDDISK         1.0  PQ: 0 ANSI: 5
[    6.053406] scsi target2:0:0: Beginning Domain Validation
[    6.056656] scsi target2:0:0: Domain Validation skipping write tests
[    6.057531] scsi target2:0:0: Ending Domain Validation
[    6.058286] scsi target2:0:0: asynchronous
[    6.059393] scsi 2:0:1:0: Direct-Access     VBOX     HARDDISK         1.0  PQ: 0 ANSI: 5
[    6.060520] scsi target2:0:1: Beginning Domain Validation
[    6.063228] scsi target2:0:1: Domain Validation skipping write tests
[    6.064057] scsi target2:0:1: Ending Domain Validation
[    6.064827] scsi target2:0:1: asynchronous
[    6.069168] sd 2:0:0:0: Attached scsi generic sg0 type 0
[    6.076945] sd 2:0:0:0: [sda] 83886080 512-byte logical blocks: (42.9 GB/40.0 GiB)
[    6.078264] sd 2:0:1:0: Attached scsi generic sg1 type 0
[    6.079202] sd 2:0:1:0: [sdb] 20480 512-byte logical blocks: (10.5 MB/10.0 MiB)
[    6.080365] sd 2:0:0:0: [sda] Write Protect is off
[    6.081395] sd 2:0:0:0: [sda] Incomplete mode parameter data
[    6.082189] sd 2:0:0:0: [sda] Assuming drive cache: write through
[    6.083039] sd 2:0:1:0: [sdb] Write Protect is off
[    6.084063] sd 2:0:1:0: [sdb] Incomplete mode parameter data
[    6.084850] sd 2:0:1:0: [sdb] Assuming drive cache: write through
[    6.087519]  sda: sda1
[    6.088758] sd 2:0:0:0: [sda] Attached SCSI disk
[    6.090006] sd 2:0:1:0: [sdb] Attached SCSI disk
Begin: Loading essential drivers ... [    7.335236] md: linear personality registered for level -1
[    7.338132] md: multipath personality registered for level -4
[    7.340962] md: raid0 personality registered for level 0
[    7.344778] md: raid1 personality registered for level 1
[    7.414116] raid6: sse2x1   gen() 14256 MB/s
[    7.482070] raid6: sse2x1   xor() 10670 MB/s
[    7.550152] raid6: sse2x2   gen() 21780 MB/s
[    7.618097] raid6: sse2x2   xor() 14025 MB/s
[    7.686119] raid6: sse2x4   gen() 22849 MB/s
[    7.754129] raid6: sse2x4   xor() 14781 MB/s
[    7.822057] raid6: avx2x1   gen() 27904 MB/s
[    7.890037] raid6: avx2x2   gen() 38548 MB/s
[    7.958141] raid6: avx2x4   gen() 38273 MB/s
[    7.959035] raid6: using algorithm avx2x2 gen() 38548 MB/s
[    7.959834] raid6: using avx2x2 recovery algorithm
[    7.961546] xor: automatically using best checksumming function:
[    8.002038]    avx       : 28920.000 MB/sec
[    8.003815] async_tx: api initialized (async)
[    8.011085] md: raid6 personality registered for level 6
[    8.011977] md: raid5 personality registered for level 5
[    8.012836] md: raid4 personality registered for level 4
[    8.018302] md: raid10 personality registered for level 10
done.
Begin: Running /scripts/init-premount ... done.
Begin: Mounting root file system ... Begin: Running /scripts/local-top ... done.
Begin: Running /scripts/local-premount ... [    8.039512] Btrfs loaded
Scanning for Btrfs filesystems
done.
Warning: fsck not present, so skipping root file system
[    8.062726] EXT4-fs (sda1): mounted filesystem with ordered data mode. Opts: (null)
done.
Begin: Running /scripts/local-bottom ... done.
Begin: Running /scripts/init-bottom ... done.
[    8.120712] systemd[1]: systemd 229 running in system mode. (+PAM +AUDIT +SELINUX +IMA +APPARMOR +SMACK +SYSVINIT +UTMP +LIBCRYPTSETUP +GCRYPT +GNUTLS +ACL +XZ -LZ4 +SECCOMP +BLKID +ELFUTILS +KMOD -IDN)
[    8.123139] systemd[1]: Detected virtualization oracle.
[    8.123903] systemd[1]: Detected architecture x86-64.

Welcome to [1mUbuntu 16.04.7 LTS[0m!

[    8.126347] systemd[1]: Set hostname to <ubuntu>.
[    8.128009] systemd[1]: Initializing machine ID from random generator.
[    8.128866] systemd[1]: Installed transient /etc/machine-id file.
[    8.207988] systemd[1]: Reached target System Time Synchronized.
[[0;32m  OK  [0m] Reached target System Time Synchronized.
[    8.209510] systemd[1]: Listening on /dev/initctl Compatibility Named Pipe.
[[0;32m  OK  [0m] Listening on /dev/initctl Compatibility Named Pipe.
[    8.211103] systemd[1]: Listening on LVM2 metadata daemon socket.
[[0;32m  OK  [0m] Listening on LVM2 metadata daemon socket.
[    8.212716] systemd[1]: Created slice User and Session Slice.
[[0;32m  OK  [0m] Created slice User and Session Slice.
[    8.214145] systemd[1]: Listening on Journal Audit Socket.
[[0;32m  OK  [0m] Listening on Journal Audit Socket.
[    8.215471] systemd[1]: Started Forward Password Requests to Wall Directory Watch.
[[0;32m  OK  [0m] Started Forward Password Requests to Wall Directory Watch.
[    8.222567] systemd[1]: Listening on fsck to fsckd communication Socket.
[[0;32m  OK  [0m] Listening on fsck to fsckd communication Socket.
[    8.224105] systemd[1]: Listening on udev Kernel Socket.
[[0;32m  OK  [0m] Listening on udev Kernel Socket.
[    8.225395] systemd[1]: Listening on Journal Socket.
[[0;32m  OK  [0m] Listening on Journal Socket.
[    8.226642] systemd[1]: Started Trigger resolvconf update for networkd DNS.
[[0;32m  OK  [0m] Started Trigger resolvconf update for networkd DNS.
[    8.228244] systemd[1]: Set up automount Arbitrary Executable File Formats File System Automount Point.
[[0;32m  OK  [0m] Set up automount Arbitrary Executab...ats File System Automount Point.
[    8.230186] systemd[1]: Listening on LVM2 poll daemon socket.
[[0;32m  OK  [0m] Listening on LVM2 poll daemon socket.
[    8.231447] systemd[1]: Listening on Device-mapper event daemon FIFOs.
[[0;32m  OK  [0m] Listening on Device-mapper event daemon FIFOs.
[    8.233005] systemd[1]: Created slice System Slice.
[[0;32m  OK  [0m] Created slice System Slice.
[    8.246396] systemd[1]: Starting Load Kernel Modules...
         Starting Load Kernel Modules...
[    8.248277] systemd[1]: Starting Create list of required static device nodes for the current kernel...
         Starting Create list of required st... nodes for the current kernel...
[    8.251123] systemd[1]: Starting Uncomplicated firewall...
         Starting Uncomplicated firewall...
[    8.257328] Loading iSCSI transport class v2.0-870.
[    8.258737] systemd[1]: Starting Set console keymap...
         Starting Set console keymap...
[    8.263581] systemd[1]: Starting Monitoring of LVM2 mirrors, snapshots etc. using dmeventd or progress polling...
         Starting Monitoring of LVM2 mirrors... dmeventd or progress polling...
[    8.266809] iscsi: registered transport (tcp)
[    8.267054] systemd[1]: Mounting POSIX Message Queue File System...
         Mounting POSIX Message Queue File System...
[    8.271394] systemd[1]: Created slice system-serial\x2dgetty.slice.
[[0;32m  OK  [0m] Created slice system-serial\x2dgetty.slice.
[    8.273411] systemd[1]: Starting Nameserver information manager...
         Starting Nameserver information manager...
[    8.275343] systemd[1]: Mounting Debug File System...
         Mounting Debug File System...
[    8.279842] systemd[1]: Reached target Swap.
[[0;32m  OK  [0m] Reached target Swap.
[    8.281567] systemd[1]: Listening on Syslog Socket.
[[0;32m  OK  [0m] Listening on Syslog Socket.
[    8.282982] systemd[1]: Listening on Journal Socket (/dev/log).
[[0;32m  OK  [0m] Listening on Journal Socket (/dev/log).
[    8.285430] systemd[1]: Starting Journal Service...
         Starting Journal Service...
[    8.287021] systemd[1]: Reached target Encrypted Volumes.
[[0;32m  OK  [0m] Reached target Encrypted Volumes.
[    8.288962] systemd[1]: Mounting Huge Pages File System...
         Mounting Huge Pages File System...
[    8.290665] systemd[1]: Listening on udev Control Socket.
[[0;32m  OK  [0m] Listening on udev Control Socket.
[    8.292533] systemd[1]: Reached target Slices.
[[0;32m  OK  [0m] Reached target Slices.
[    8.293964] systemd[1]: Reached target User and Group Name Lookups.
[[0;32m  OK  [0m] Reached target User and Group Name Lookups.
[    8.296176] systemd[1]: Starting File System Check on Root Device...
         Starting File System Check on Root Device...
[    8.299700] systemd[1]: Mounted Huge Pages File System.
[[0;32m  OK  [0m] Mounted Huge Pages File System.
[    8.301157] systemd[1]: Mounted POSIX Message Queue File System.
[[0;32m  OK  [0m] Mounted POSIX Message Queue File System.
[    8.302703] systemd[1]: Mounted Debug File System.
[[0;32m  OK  [0m] Mounted Debug File System.
[    8.304394] systemd[1]: Started Create list of required static device nodes for the current kernel.
[[0;32m  OK  [0m] Started Create list of required sta...ce nodes for the current kernel.
[    8.308075] systemd[1]: Started Uncomplicated firewall.
[[0;32m  OK  [0m] Started Uncomplicated firewall.
[    8.315325] systemd[1]: Started LVM2 metadata daemon.
[[0;32m  OK  [0m] Started LVM2 metadata daemon.
[    8.318643] systemd[1]: Starting Create Static Device Nodes in /dev...
         Starting Create Static Device Nodes in /dev...
[    8.322014] systemd[1]: Started Set console keymap.
[    8.324293] iscsi: registered transport (iser)
[[0;32m  OK  [0m] Started Set console keymap.
[    8.326988] systemd[1]: Started Load Kernel Modules.
[[0;32m  OK  [0m] Started Load Kernel Modules.
[    8.328973] systemd[1]: Started Nameserver information manager.
[[0;32m  OK  [0m] Started Nameserver information manager.
[    8.331056] systemd[1]: Started File System Check on Root Device.
[[0;32m  OK  [0m] Started File System Check on Root Device.
[    8.333205] systemd[1]: Started Journal Service.
[[0;32m  OK  [0m] Started Journal Service.
[[0;32m  OK  [0m] Started Create Static Device Nodes in /dev.
[[0;32m  OK  [0m] Started File System Check Daemon to report status.
         Starting udev Kernel Device Manager...
         Starting Remount Root and Kernel File Systems...
         Starting Apply Kernel Variables...
         Mounting FUSE Control File System...
[[0;32m  OK  [0m] Mounted FUSE Control File System.
[    8.345927] EXT4-fs (sda1): re-mounted. Opts: (null)
[[0;32m  OK  [0m] Started Remount Root and Kernel File Systems.
         Starting Load/Save Random Seed...
         Starting udev Coldplug all Devices...
         Starting Flush Journal to Persistent Storage...
[[0;32m  OK  [0m] Started Load/Save Random Seed.
[    8.359639] systemd-journald[389]: Received request to flush runtime journal from PID 1
[[0;32m  OK  [0m] Started Flush Journal to Persistent Storage.
[[0;32m  OK  [0m] Started Apply Kernel Variables.
[[0;32m  OK  [0m] Started udev Kernel Device Manager.
[[0;32m  OK  [0m] Started udev Coldplug all Devices.
[[0;32m  OK  [0m] Started Dispatch Password Requests to Console Directory Watch.
[[0;32m  OK  [0m] Found device /dev/ttyS0.
[[0;32m  OK  [0m] Listening on Load/Save RF Kill Switch Status /dev/rfkill Watch.
[[0;32m  OK  [0m] Started Monitoring of LVM2 mirrors,...ng dmeventd or progress polling.
[[0;32m  OK  [0m] Reached target Local File Systems (Pre).
[[0;32m  OK  [0m] Reached target Local File Systems.
         Starting Initial cloud-init job (pre-networking)...
         Starting Commit a transient machine-id on disk...
         Starting LSB: AppArmor initialization...
         Starting Tell Plymouth To Write Out Runtime Data...
         Starting Set console font and keymap...
         Starting Create Volatile Files and Directories...
[[0;32m  OK  [0m] Started Tell Plymouth To Write Out Runtime Data.
[[0;32m  OK  [0m] Started Create Volatile Files and Directories.
         Starting Update UTMP about System Boot/Shutdown...
[[0;32m  OK  [0m] Started Update UTMP about System Boot/Shutdown.
[[0;32m  OK  [0m] Started Commit a transient machine-id on disk.
[[0;32m  OK  [0m] Started Set console font and keymap.
[[0;32m  OK  [0m] Created slice system-getty.slice.
[[0;32m  OK  [0m] Started LSB: AppArmor initialization.
         Starting Load AppArmor profiles managed internally by snapd...
[[0;32m  OK  [0m] Started Load AppArmor profiles managed internally by snapd.
[    9.371501] cloud-init[598]: Cloud-init v. 21.1-19-gbad84ad4-0ubuntu1~16.04.2 running 'init-local' at Mon, 06 May 2024 11:01:06 +0000. Up 9.17 seconds.
[[0;32m  OK  [0m] Started Initial cloud-init job (pre-networking).
[[0;32m  OK  [0m] Reached target Network (Pre).
         Starting Raise network interfaces...
[[0;32m  OK  [0m] Started Raise network interfaces.
         Starting Initial cloud-init job (metadata service crawler)...
[[0;32m  OK  [0m] Reached target Network.
[    9.980477] cloud-init[941]: Cloud-init v. 21.1-19-gbad84ad4-0ubuntu1~16.04.2 running 'init' at Mon, 06 May 2024 11:01:06 +0000. Up 9.70 seconds.
[    9.981527] cloud-init[941]: ci-info: ++++++++++++++++++++++++++++++++++++++Net device info++++++++++++++++++++++++++++++++++++++
[    9.982300] cloud-init[941]: ci-info: +--------+------+----------------------------+---------------+--------+-------------------+
[    9.983034] cloud-init[941]: ci-info: | Device |  Up  |          Address           |      Mask     | Scope  |     Hw-Address    |
[    9.984088] cloud-init[941]: ci-info: +--------+------+----------------------------+---------------+--------+-------------------+
[    9.993032] cloud-init[941]: ci-info: | enp0s3 | True |         10.0.2.15          | 255.255.255.0 | global | 02:be:82:6b:cc:1d |
[    9.993954] cloud-init[941]: ci-info: | enp0s3 | True | fe80::be:82ff:fe6b:cc1d/64 |       .       |  link  | 02:be:82:6b:cc:1d |
[    9.995683] cloud-init[941]: ci-info: |   lo   | True |         127.0.0.1          |   255.0.0.0   |  host  |         .         |
[    9.996812] cloud-init[941]: ci-info: |   lo   | True |          ::1/128           |       .       |  host  |         .         |
[    9.997875] cloud-init[941]: ci-info: +--------+------+----------------------------+---------------+--------+-------------------+
[    9.998972] cloud-init[941]: ci-info: +++++++++++++++++++++++++++Route IPv4 info++++++++++++++++++++++++++++
[   10.004638] cloud-init[941]: ci-info: +-------+-------------+----------+---------------+-----------+-------+
[   10.005587] cloud-init[941]: ci-info: | Route | Destination | Gateway  |    Genmask    | Interface | Flags |
[   10.006433] cloud-init[941]: ci-info: +-------+-------------+----------+---------------+-----------+-------+
[   10.007388] cloud-init[941]: ci-info: |   0   |   0.0.0.0   | 10.0.2.2 |    0.0.0.0    |   enp0s3  |   UG  |
[   10.008389] cloud-init[941]: ci-info: |   1   |   10.0.2.0  | 0.0.0.0  | 255.255.255.0 |   enp0s3  |   U   |
[   10.012396] cloud-init[941]: ci-info: +-------+-------------+----------+---------------+-----------+-------+
[   10.013325] cloud-init[941]: ci-info: +++++++++++++++++++Route IPv6 info+++++++++++++++++++
[   10.014125] cloud-init[941]: ci-info: +-------+-------------+---------+-----------+-------+
[   10.014971] cloud-init[941]: ci-info: | Route | Destination | Gateway | Interface | Flags |
[   10.020287] cloud-init[941]: ci-info: +-------+-------------+---------+-----------+-------+
[   10.021127] cloud-init[941]: ci-info: |   0   |  fe80::/64  |    ::   |   enp0s3  |   U   |
[   10.021868] cloud-init[941]: ci-info: |   3   |   ff00::/8  |    ::   |   enp0s3  |   U   |
[   10.022726] cloud-init[941]: ci-info: +-------+-------------+---------+-----------+-------+
[   10.023609] cloud-init[941]: Generating public/private rsa key pair.
[   10.024406] cloud-init[941]: Your identification has been saved in /etc/ssh/ssh_host_rsa_key.
[   10.025281] cloud-init[941]: Your public key has been saved in /etc/ssh/ssh_host_rsa_key.pub.
[   10.026221] cloud-init[941]: The key fingerprint is:
[   10.026826] cloud-init[941]: SHA256:LomMHi6xn+u/anLrTJ6LkXn6TXTKGQPktkxTbn8NSt0 root@ubuntu-xenial
[   10.027802] cloud-init[941]: The key's randomart image is:
[   10.028554] cloud-init[[0;32m  OK  [0m] Started Initial cloud-init job (metadata service crawler).
[[0;32m  OK  [0m] Reached target Network is Online.
[941]: +---[RSA 2048]----+
[   10.030826] cloud-init[941]: |  . .            |
[   10.031404] cloud-init[941]: | o o   . .       |
[   10.032045] cloud-init[941]: |  * o . o E      |
[   10.032684] cloud-init[941]: | + = o . o       |
[   10.033250] cloud-init[941]: |  o + + S .      |
[   10.033819] cloud-init[941]: |.o = B +         |
[   10.034383] cloud-init[941]: |+o= B o .        |
[   10.034985] cloud-init[941]: |+@o*   .         |
[   10.035593] cloud-init[941]: |oX^*+.           |
[   10.036212] cloud-init[941]: +----[SHA256]-----+
[   10.036783] cloud-init[941]: Generating public/private dsa key pair.
[   10.037468] cloud-init[941]: Your identification has been saved in /etc/ssh/ssh_host_dsa_key.
[   10.038276] cloud-init[941]: Your public key has been saved in /etc/ssh/ssh_host_dsa_key.pub.
[   10.039108] cloud-init[941]: The key fingerprint is:
[   10.039720] cloud-init[941]: SHA256:9tGb2gv9FlMozgwEomo29lMm20OujT5okmHddWwjVy0 root@ubuntu-xenial
[   10.040616] cloud-init[941]: The key's randomart image is:
[   10.041234] cloud-init[941]: +---[DSA 1024]----+
[   10.041837] cloud-init[941]: |      . ..  .    |
[   10.042419] cloud-init[941]: |     . .  .E .   |
[   10.042996] cloud-init[941]: |    .   ... .  . |
[   10.043585] cloud-init[941]: |   .   o *... . .|
[   10.044190] cloud-init[941]: |  B o = S o=.. . |
[   10.044766] cloud-init[941]: |.= + X . . o+oo  |
[   10.045350] cloud-init[941]: |.o .+ +   o +  o |
[   10.045921] cloud-init[941]: |o o .= .   + ..  |
[   10.046491] cloud-init[941]: | o .+..   . oo.  |
[   10.047061] cloud-init[941]: +----[SHA256]-----+
[   10.047647] cloud-init[941]: Generating public/private ecdsa key pair.
[   10.048392] cloud-init[941]: Your identification has been saved in /etc/ssh/ssh_host_ecdsa_key.
[   10.049237] cloud-init[941]: Your public key has been saved in /etc/ssh/ssh_host_ecdsa_key.pub.
[   10.050070] cloud-init[941]: The key fingerprint is:
[   10.050664] cloud-init[941]: SHA256:a6IxeWT52LtlUqPY9pmjiqTHyjkm768pXna56ffNDhQ root@ubuntu-xenial
[   10.051508] cloud-init[941]: The key's randomart image is:
         Starting iSCSI initiator daemon (iscsid)...
[   10.052552] [[0;32m  OK  [0m] Reached target Cloud-config availability.
[[0;32m  OK  [0m] Reached target System Initialization.
[[0;32m  OK  [0m] Listening on D-Bus System Message Bus Socket.
[[0;32m  OK  [0m] Started Daily Cleanup of Temporary Directories.
[[0;32m  OK  [0m] Listening on ACPID Listen Socket.
[[0;32m  OK  [0m] Listening on UUID daemon activation socket.
[[0;32m  OK  [0m] Started Message of the Day.
         Starting Socket activation for snappy daemon.
[[0;32m  OK  [0m] Started Ubuntu Advantage update messaging.
cloud-init[941]: +---[ECDSA 256]---+
[   10.056672] [[0;32m  OK  [0m] Started ACPI Events Check.
[[0;32m  OK  [0m] Reached target Paths.
cloud-init[941]: |                 |
[   10.058220]          Starting LXD - unix socket.
[[0;32m  OK  [0m] Started Daily apt download activities.
[[0;32m  OK  [0m] Started Daily apt upgrade and clean activities.
[[0;32m  OK  [0m] Reached target Timers.
[[0;32m  OK  [0m] Listening on Socket activation for snappy daemon.
[[0;32m  OK  [0m] Listening on LXD - unix socket.
[[0;32m  OK  [0m] Reached target Sockets.
[[0;32m  OK  [0m] Reached target Basic System.
cloud-init[941]: |                 |
[   10.061445] cloud-init         Starting /etc/rc.local Compatibility...
[941]: |         E       |
[   10.062454] cloud-init[941]: |       .  .      |
[   10.063960] cloud-init[941]: |      + S.o      |
[   10.064631] cloud-init[941]: |     +.*.+ .     |
[   10.065217] cloud-init[941]: |   +=o= X.o      |
[[0;32m  OK  [0m] Started ACPI event daemon.
         Starting LSB: MD monitoring daemon...
[   10.069271] cloud-init[941]: |o.==+*o= *=o     |
         Starting Pollinate to seed the pseudo random number generator...
         Starting LSB: Record successful boot for GRUB...
         Starting Snap Daemon...
         Starting Login Service...
[[0;32m  OK  [0m] Started Deferred execution scheduler.
[[0;32m  OK  [0m] Started FUSE filesystem for LXC.
         Starting Accounts Service...
[[0;32m  OK  [0m] Started D-Bus System Message Bus.
[   10.072069] cloud-init[941]: |.BX*=+o.=+==     |
[   10.084294] cloud-init[941]: +----[SHA256]-----+
[   10.085602] cloud-init[941]: Generating public/private ed25519 key pair.
[   10.087060] cloud-init[941]: Your identification has been saved in /etc/ssh/ssh_host_ed25519_key.
[   10.088520] cloud-init[941]: Your public key has been saved in /etc/ssh/ssh_host_ed25519_key.pub.
[   10.090693] cloud-init[941]: The key fingerprint is:
[   10.092773] cloud-init[941]: SHA256:Zncx5CU1biZcHZAkooPcNbtU1aJMDEaLH939n5fZ3Ss root@ubuntu-xenial
[   10.094283] cloud-init[941]: The key's randomart image is:
[   10.096320] cloud-init[941]: +--[ED25519 256]--+
[   10.097983] cloud-init[941]: |        .Boo==Oo.|
[   10.099513] cloud-init[941]: |    . o = B*oB.o.|
[   10.100304] cloud-init[941]: |     o = =o.B.=. |
[   10.101241] cloud-init[941]: |        + oo *  .|
[   10.105362] cloud-init[941]: |        So. .   .|
[   10.106484] cloud-init[941]: |       o . .    O|
[   10.110266] cloud-init[941]: |               +*|
[   10.114588] cloud-init[941]: |             E  o|
         Starting LXD - container startup/shutdown...
[   10.120834] cloud-init[941]:          Starting System Logging Service...
         Starting Virtualbox guest utils...
[[0;32m  OK  [0m] Started Regular background program processing daemon.
|              .. |
[   10.126742] [[0;32m  OK  [0m] Started /etc/rc.local Compatibility.
cloud-init[941]: +----[SHA256]-----+
[[0;32m  OK  [0m] Started iSCSI initiator daemon (iscsid).
[[0;32m  OK  [0m] Started System Logging Service.
         Starting Login to default iSCSI targets...
[[0;32m  OK  [0m] Started Login Service.
[[0;32m  OK  [0m] Started Unattended Upgrades Shutdown.
[[0;32m  OK  [0m] Started LSB: Record successful boot for GRUB.
         Starting Authenticate and Authorize Users to Run Privileged Tasks...
[[0;32m  OK  [0m] Started Login to default iSCSI targets.
[[0;32m  OK  [0m] Reached target Remote File Systems (Pre).
[[0;32m  OK  [0m] Reached target Remote File Systems.
         Starting LSB: daemon to balance interrupts for SMP systems...
         Starting LSB: Set the CPU Frequency Scaling governor to "ondemand"...
         Starting LSB: automatic crash report generation...
         Starting Permit User Sessions...
[[0;32m  OK  [0m] Started LSB: MD monitoring daemon.
[[0;32m  OK  [0m] Started Permit User Sessions.
         Starting Hold until boot process finishes up...
         Starting Terminate Plymouth Boot Screen...
[[0;32m  OK  [0m] Started Hold until boot process finishes up.
[[0;32m  OK  [0m] Started Serial Getty on ttyS0.
         Starting Set console scheme...
[[0;32m  OK  [0m] Started Getty on tty1.
[[0;32m  OK  [0m] Reached target Login Prompts.
[[0;32m  OK  [0m] Started Terminate Plymouth Boot Screen.
[[0;32m  OK  [0m] Started Set console scheme.
[[0;32m  OK  [0m] Started Authenticate and Authorize Users to Run Privileged Tasks.
[[0;32m  OK  [0m] Started Accounts Service.
[[0;32m  OK  [0m] Started LSB: automatic crash report generation.
[[0;32m  OK  [0m] Started LSB: Set the CPU Frequency Scaling governor to "ondemand".
[[0;32m  OK  [0m] Started LSB: daemon to balance interrupts for SMP systems.
[[0;32m  OK  [0m] Started LXD - container startup/shutdown.
[[0;32m  OK  [0m] Started Virtualbox guest utils.
[[0;32m  OK  [0m] Started Snap Daemon.
         Starting Wait until snapd is fully seeded...
[[0;32m  OK  [0m] Started Pollinate to seed the pseudo random number generator.
         Starting OpenBSD Secure Shell server...
[[0;32m  OK  [0m] Started OpenBSD Secure Shell server.
[[0;32m  OK  [0m] Started Wait until snapd is fully seeded.
         Starting Apply the settings specified in cloud-config...
[[0;32m  OK  [0m] Reached target Multi-User System.
[[0;32m  OK  [0m] Reached target Graphical Interface.
         Starting Update UTMP about System Runlevel Changes...
[[0;32m  OK  [0m] Started Update UTMP about System Runlevel Changes.
[   11.812669] cloud-init[1285]: Generating locales (this might take a while)...
[[0;32m  OK  [0m] Created slice User Slice of vagrant.
         Starting User Manager for UID 1000...
[[0;32m  OK  [0m] Started Session 1 of user vagrant.
[[0;32m  OK  [0m] Started User Manager for UID 1000.
[   12.374436] cloud-init[1285]:   en_US.UTF-8... done
[   12.375298] cloud-init[1285]: Generation complete.
[   12.589568] cloud-init[1285]: Cloud-init v. 21.1-19-gbad84ad4-0ubuntu1~16.04.2 running 'modules:config' at Mon, 06 May 2024 11:01:08 +0000. Up 11.73 seconds.
[[0;32m  OK  [0m] Started Apply the settings specified in cloud-config.
         Starting Execute cloud user/final scripts...
ci-info: no authorized SSH keys fingerprints found for user ubuntu.
<14>May  6 11:01:09 ec2: 
<14>May  6 11:01:09 ec2: #############################################################
<14>May  6 11:01:09 ec2: -----BEGIN SSH HOST KEY FINGERPRINTS-----
<14>May  6 11:01:09 ec2: 1024 SHA256:9tGb2gv9FlMozgwEomo29lMm20OujT5okmHddWwjVy0 root@ubuntu-xenial (DSA)
<14>May  6 11:01:09 ec2: 256 SHA256:a6IxeWT52LtlUqPY9pmjiqTHyjkm768pXna56ffNDhQ root@ubuntu-xenial (ECDSA)
<14>May  6 11:01:09 ec2: 256 SHA256:Zncx5CU1biZcHZAkooPcNbtU1aJMDEaLH939n5fZ3Ss root@ubuntu-xenial (ED25519)
<14>May  6 11:01:09 ec2: 2048 SHA256:LomMHi6xn+u/anLrTJ6LkXn6TXTKGQPktkxTbn8NSt0 root@ubuntu-xenial (RSA)
<14>May  6 11:01:09 ec2: -----END SSH HOST KEY FINGERPRINTS-----
<14>May  6 11:01:09 ec2: #############################################################
-----BEGIN SSH HOST KEY KEYS-----
ecdsa-sha2-nistp256 AAAAE2VjZHNhLXNoYTItbmlzdHAyNTYAAAAIbmlzdHAyNTYAAABBBMf6DwRUFYkxRbJo4UQILuH6MG9oKH+kqSrrKOm24h01Uqlg66nEXKzsfBwoHi8Hf1Cs96PqQ55kzeWV/AwJTzA= root@ubuntu-xenial
ssh-ed25519 AAAAC3NzaC1lZDI1NTE5AAAAIIATsWBHZM7JnkvBPFJBE5LPVTK5WpgWgueG3ILkJ+cH root@ubuntu-xenial
ssh-rsa AAAAB3NzaC1yc2EAAAADAQABAAABAQDGFOPj2iux6nPkODd1gPxZqV7Mxyk1j0XNlwq1EBZqb3ph2z9GOJBOp7fw4gh1A9UEU3XjRdPlDpK6Z0CPhAiLC3pJQxFzI8TKwYAm2ZjTn0RSvdR3yXHmdk8Odj71Cbh+rIEX4pRBuz7HOlOZvFEohTU/TyxG2KJeq88bBFBCpHZpxTCMIigSNDnqniniiq5kWIcSRj//f0mjdinbvubWTyq6WGNhgvtVtcrlc1V343nV8eWyLaYVnSJGh2REAjpKy2AOT9gZjdXPZa1YwPfbraM7y1AoB3o97usN2t10M1qLd8WSITxmLsDS8sZ9EZ7j+xLRgYvRhTbkmlWb9lRV root@ubuntu-xenial
-----END SSH HOST KEY KEYS-----
[   12.943906] cloud-init[1399]: Cloud-init v. 21.1-19-gbad84ad4-0ubuntu1~16.04.2 running 'modules:final' at Mon, 06 May 2024 11:01:09 +0000. Up 12.83 seconds.
[   12.945250] cloud-init[1399]: ci-info: no authorized SSH keys fingerprints found for user ubuntu.
[   12.946170] cloud-init[1399]: Cloud-init v. 21.1-19-gbad84ad4-0ubuntu1~16.04.2 finished at Mon, 06 May 2024 11:01:09 +0000. Datasource DataSourceNoCloud [seed=/dev/sdb][dsmode=net].  Up 12.93 seconds
[[0;32m  OK  [0m] Started Execute cloud user/final scripts.
[[0;32m  OK  [0m] Reached target Cloud-init target.

Ubuntu 16.04.7 LTS ubuntu-xenial ttyS0

ubuntu-xenial login: 